Using pre-set license
Built from '2021.3/staging' branch; Version is '2021.3.2f1 (d6360bedb9a0) revision 14038539'; Using compiler version '192829333'; Build Type 'Release'
OS: 'Windows 10  (10.0.19042) 64bit Education' Language: 'ko' Physical Memory: 16297 MB
BatchMode: 1, IsHumanControllingUs: 0, StartBugReporterOnCrash: 0, Is64bit: 1, IsPro: 1

COMMAND LINE ARGUMENTS:
C:\Program Files\Unity\Hub\Editor\2021.3.2f1\Editor\Unity.exe
-adb2
-batchMode
-noUpm
-name
AssetImportWorker3
-projectPath
C:/Users/Administrator/Desktop/Photon-Server/Photon Server
-logFile
Logs/AssetImportWorker3.log
-srvPort
59059
Successfully changed project path to: C:/Users/Administrator/Desktop/Photon-Server/Photon Server
C:/Users/Administrator/Desktop/Photon-Server/Photon Server
[UnityMemory] Configuration Parameters - Can be set up in boot.config
    "memorysetup-bucket-allocator-granularity=16"
    "memorysetup-bucket-allocator-bucket-count=8"
    "memorysetup-bucket-allocator-block-size=33554432"
    "memorysetup-bucket-allocator-block-count=8"
    "memorysetup-main-allocator-block-size=16777216"
    "memorysetup-thread-allocator-block-size=16777216"
    "memorysetup-gfx-main-allocator-block-size=16777216"
    "memorysetup-gfx-thread-allocator-block-size=16777216"
    "memorysetup-cache-allocator-block-size=4194304"
    "memorysetup-typetree-allocator-block-size=2097152"
    "memorysetup-profiler-bucket-allocator-granularity=16"
    "memorysetup-profiler-bucket-allocator-bucket-count=8"
    "memorysetup-profiler-bucket-allocator-block-size=33554432"
    "memorysetup-profiler-bucket-allocator-block-count=8"
    "memorysetup-profiler-allocator-block-size=16777216"
    "memorysetup-profiler-editor-allocator-block-size=1048576"
    "memorysetup-temp-allocator-size-main=16777216"
    "memorysetup-job-temp-allocator-block-size=2097152"
    "memorysetup-job-temp-allocator-block-size-background=1048576"
    "memorysetup-job-temp-allocator-reduction-small-platforms=262144"
    "memorysetup-temp-allocator-size-background-worker=32768"
    "memorysetup-temp-allocator-size-job-worker=262144"
    "memorysetup-temp-allocator-size-preload-manager=33554432"
    "memorysetup-temp-allocator-size-nav-mesh-worker=65536"
    "memorysetup-temp-allocator-size-audio-worker=65536"
    "memorysetup-temp-allocator-size-cloud-worker=32768"
    "memorysetup-temp-allocator-size-gi-baking-worker=262144"
    "memorysetup-temp-allocator-size-gfx=262144"
Refreshing native plugins compatible for Editor in 83.32 ms, found 3 plugins.
Preloading 0 native plugins for Editor in 0.00 ms.
Initialize engine version: 2021.3.2f1 (d6360bedb9a0)
[Subsystems] Discovering subsystems at path C:/Program Files/Unity/Hub/Editor/2021.3.2f1/Editor/Data/Resources/UnitySubsystems
[Subsystems] Discovering subsystems at path C:/Users/Administrator/Desktop/Photon-Server/Photon Server/Assets
GfxDevice: creating device client; threaded=0; jobified=0
Direct3D:
    Version:  Direct3D 11.0 [level 11.1]
    Renderer: NVIDIA GeForce GTX 1660 (ID=0x2184)
    Vendor:   NVIDIA
    VRAM:     5992 MB
    Driver:   30.0.15.1215
Initialize mono
Mono path[0] = 'C:/Program Files/Unity/Hub/Editor/2021.3.2f1/Editor/Data/Managed'
Mono path[1] = 'C:/Program Files/Unity/Hub/Editor/2021.3.2f1/Editor/Data/MonoBleedingEdge/lib/mono/unityjit-win32'
Mono config path = 'C:/Program Files/Unity/Hub/Editor/2021.3.2f1/Editor/Data/MonoBleedingEdge/etc'
Using monoOptions --debugger-agent=transport=dt_socket,embedding=1,server=y,suspend=n,address=127.0.0.1:56936
Begin MonoManager ReloadAssembly
Registering precompiled unity dll's ...
Register platform support module: C:/Program Files/Unity/Hub/Editor/2021.3.2f1/Editor/Data/PlaybackEngines/WebGLSupport/UnityEditor.WebGL.Extensions.dll
Register platform support module: C:/Program Files/Unity/Hub/Editor/2021.3.2f1/Editor/Data/PlaybackEngines/AndroidPlayer/UnityEditor.Android.Extensions.dll
Register platform support module: C:/Program Files/Unity/Hub/Editor/2021.3.2f1/Editor/Data/PlaybackEngines/WindowsStandaloneSupport/UnityEditor.WindowsStandalone.Extensions.dll
Registered in 0.007165 seconds.
Native extension for WindowsStandalone target not found
Native extension for Android target not found
Native extension for WebGL target not found
Refreshing native plugins compatible for Editor in 86.21 ms, found 3 plugins.
Preloading 0 native plugins for Editor in 0.00 ms.
Mono: successfully reloaded assembly
- Completed reload, in  0.655 seconds
Domain Reload Profiling:
	ReloadAssembly (655ms)
		BeginReloadAssembly (67ms)
			ExecutionOrderSort (0ms)
			DisableScriptedObjects (0ms)
			BackupInstance (0ms)
			ReleaseScriptingObjects (0ms)
			CreateAndSetChildDomain (1ms)
		EndReloadAssembly (462ms)
			LoadAssemblies (66ms)
			RebuildTransferFunctionScriptingTraits (0ms)
			SetupTypeCache (100ms)
			ReleaseScriptCaches (0ms)
			RebuildScriptCaches (24ms)
			SetupLoadedEditorAssemblies (293ms)
				LogAssemblyErrors (0ms)
				InitializePlatformSupportModulesInManaged (48ms)
				SetLoadedEditorAssemblies (0ms)
				RefreshPlugins (86ms)
				BeforeProcessingInitializeOnLoad (1ms)
				ProcessInitializeOnLoadAttributes (121ms)
				ProcessInitializeOnLoadMethodAttributes (36ms)
				AfterProcessingInitializeOnLoad (0ms)
				EditorAssembliesLoaded (0ms)
			ExecutionOrderSort2 (0ms)
			AwakeInstancesAfterBackupRestoration (0ms)
Platform modules already initialized, skipping
Registering precompiled user dll's ...
Registered in 0.004873 seconds.
Begin MonoManager ReloadAssembly
Symbol file LoadedFromMemory doesn't match image C:\Users\Administrator\Desktop\Photon-Server\Photon Server\Library\PackageCache\com.unity.visualscripting@1.7.6\Editor\VisualScripting.Core\Dependencies\YamlDotNet\Unity.VisualScripting.YamlDotNet.dll
Symbol file LoadedFromMemory doesn't match image C:\Users\Administrator\Desktop\Photon-Server\Photon Server\Library\PackageCache\com.unity.visualscripting@1.7.6\Editor\VisualScripting.Core\Dependencies\DotNetZip\Unity.VisualScripting.IonicZip.dll
Native extension for WindowsStandalone target not found
Native extension for Android target not found
Native extension for WebGL target not found
Refreshing native plugins compatible for Editor in 0.59 ms, found 3 plugins.
Preloading 0 native plugins for Editor in 0.00 ms.
[ScriptCompilation] NOT recompiling all scripts because this is an import worker process. Reason to compile was: Define symbols changed
[ScriptCompilation] NOT recompiling all scripts because this is an import worker process. Reason to compile was: Define symbols changed
[ScriptCompilation] NOT recompiling all scripts because this is an import worker process. Reason to compile was: Define symbols changed
[ScriptCompilation] NOT recompiling all scripts because this is an import worker process. Reason to compile was: Define symbols changed
Mono: successfully reloaded assembly
- Completed reload, in  3.795 seconds
Domain Reload Profiling:
	ReloadAssembly (3795ms)
		BeginReloadAssembly (215ms)
			ExecutionOrderSort (0ms)
			DisableScriptedObjects (5ms)
			BackupInstance (0ms)
			ReleaseScriptingObjects (0ms)
			CreateAndSetChildDomain (132ms)
		EndReloadAssembly (3487ms)
			LoadAssemblies (2622ms)
			RebuildTransferFunctionScriptingTraits (0ms)
			SetupTypeCache (238ms)
			ReleaseScriptCaches (1ms)
			RebuildScriptCaches (57ms)
			SetupLoadedEditorAssemblies (534ms)
				LogAssemblyErrors (0ms)
				InitializePlatformSupportModulesInManaged (14ms)
				SetLoadedEditorAssemblies (0ms)
				RefreshPlugins (1ms)
				BeforeProcessingInitializeOnLoad (82ms)
				ProcessInitializeOnLoadAttributes (407ms)
				ProcessInitializeOnLoadMethodAttributes (24ms)
				AfterProcessingInitializeOnLoad (5ms)
				EditorAssembliesLoaded (0ms)
			ExecutionOrderSort2 (0ms)
			AwakeInstancesAfterBackupRestoration (4ms)
Platform modules already initialized, skipping
========================================================================
Worker process is ready to serve import requests
Launched and connected shader compiler UnityShaderCompiler.exe after 0.03 seconds
Refreshing native plugins compatible for Editor in 1.12 ms, found 3 plugins.
Preloading 0 native plugins for Editor in 0.00 ms.
Unloading 3802 Unused Serialized files (Serialized files now loaded: 0)
Unloading 35 unused Assets / (205.5 KB). Loaded Objects now: 4259.
Memory consumption went from 139.7 MB to 139.5 MB.
Total: 3.879900 ms (FindLiveObjects: 0.454100 ms CreateObjectMapping: 0.389700 ms MarkObjects: 2.838300 ms  DeleteObjects: 0.196100 ms)

AssetImportParameters requested are different than current active one (requested -> active):
  custom:video-decoder-ogg-theora: a1e56fd34408186e4bbccfd4996cb3dc -> 
  custom:container-muxer-webm: aa71ff27fc2769a1b78a27578f13a17b -> 
  custom:container-demuxer-webm: 4f35f7cbe854078d1ac9338744f61a02 -> 
  custom:video-encoder-webm-vp8: eb34c28f22e8b96e1ab97ce403110664 -> 
  custom:audio-encoder-webm-vorbis: bf7c407c2cedff20999df2af8eb42d56 -> 
  custom:framework-win-MediaFoundation: 216162199b28c13a410421893ffa2e32 -> 
  custom:container-demuxer-ogg: 62fdf1f143b41e24485cea50d1cbac27 -> 
  custom:video-decoder-webm-vp8: 9c59270c3fd7afecdb556c50c9e8de78 -> 
  custom:audio-decoder-ogg-vorbis: bf7c407c2cedff20999df2af8eb42d56 -> 
========================================================================
Received Import Request.
  Time since last request: 2788.501202 seconds.
  path: Assets/Dypsloom/DypThePenguin/Demo/Models/M_Fish_01.fbx
  artifactKey: Guid(c6a7b8263d8f31c42ac62a52c1ba082c) Importer(815301076,1909f56bfc062723c751e8b465ee728b)
Start importing Assets/Dypsloom/DypThePenguin/Demo/Models/M_Fish_01.fbx using Guid(c6a7b8263d8f31c42ac62a52c1ba082c) Importer(815301076,1909f56bfc062723c751e8b465ee728b)  -> (artifact id: 'cd21d998cb96acaa15f6c9d04398f6fc') in 0.147529 seconds 
========================================================================
Received Import Request.
  Time since last request: 1.835409 seconds.
  path: Assets/Dypsloom/DypThePenguin/Demo/Textures/T_Dyp.png
  artifactKey: Guid(482a2d69283db1640bd87ff077657a43) Importer(815301076,1909f56bfc062723c751e8b465ee728b)
Start importing Assets/Dypsloom/DypThePenguin/Demo/Textures/T_Dyp.png using Guid(482a2d69283db1640bd87ff077657a43) Importer(815301076,1909f56bfc062723c751e8b465ee728b)  -> (artifact id: '1f35cb24e582a0b3e2e2dd64cff4a705') in 0.044724 seconds 
========================================================================
Received Import Request.
  Time since last request: 1.699866 seconds.
  path: Assets/Dypsloom/DypThePenguin/Demo/Material/Mat_Cloud_MovingPlatfrom.mat
  artifactKey: Guid(d39699bd05ffb5d4983df224ca8c8c58) Importer(815301076,1909f56bfc062723c751e8b465ee728b)
Start importing Assets/Dypsloom/DypThePenguin/Demo/Material/Mat_Cloud_MovingPlatfrom.mat using Guid(d39699bd05ffb5d4983df224ca8c8c58) Importer(815301076,1909f56bfc062723c751e8b465ee728b)  -> (artifact id: '2d966fd13bd1f3ceda64cbc0e822944b') in 0.247170 seconds 
========================================================================
Received Import Request.
  Time since last request: 1.708467 seconds.
  path: Assets/Dypsloom/DypThePenguin/Demo/Effects/Puff Effect Enemy.prefab
  artifactKey: Guid(244af72beb011fb428a63d0d5850c976) Importer(815301076,1909f56bfc062723c751e8b465ee728b)
Start importing Assets/Dypsloom/DypThePenguin/Demo/Effects/Puff Effect Enemy.prefab using Guid(244af72beb011fb428a63d0d5850c976) Importer(815301076,1909f56bfc062723c751e8b465ee728b)  -> (artifact id: '6c6cfe5534b9ebf4af51b4db247250c1') in 0.090037 seconds 
========================================================================
Received Import Request.
  Time since last request: 0.000023 seconds.
  path: Assets/Dypsloom/DypThePenguin/Demo/Effects/Trail.mat
  artifactKey: Guid(a0f6dff324e86c34fa2a2dfa79fe83aa) Importer(815301076,1909f56bfc062723c751e8b465ee728b)
Start importing Assets/Dypsloom/DypThePenguin/Demo/Effects/Trail.mat using Guid(a0f6dff324e86c34fa2a2dfa79fe83aa) Importer(815301076,1909f56bfc062723c751e8b465ee728b)  -> (artifact id: 'fc1082d125f29bc825e60f704f6580c8') in 0.066598 seconds 
========================================================================
Received Import Request.
  Time since last request: 10.955938 seconds.
  path: Assets/Dypsloom/DypThePenguin/Demo/Environment/Skybox/Left.png
  artifactKey: Guid(58b4c75bb4c823a43b3c28d281aacf97) Importer(815301076,1909f56bfc062723c751e8b465ee728b)
Start importing Assets/Dypsloom/DypThePenguin/Demo/Environment/Skybox/Left.png using Guid(58b4c75bb4c823a43b3c28d281aacf97) Importer(815301076,1909f56bfc062723c751e8b465ee728b)  -> (artifact id: '5839a1b60a2bc0dd70d61a2a0ef890bc') in 0.014159 seconds 
========================================================================
Received Import Request.
  Time since last request: 44.098557 seconds.
  path: Assets/Dypsloom/DypThePenguin/Demo/Characters/Animations/@Dyp_interact.fbx
  artifactKey: Guid(004d6aa01288493468b1605a0c3c5926) Importer(815301076,1909f56bfc062723c751e8b465ee728b)
Start importing Assets/Dypsloom/DypThePenguin/Demo/Characters/Animations/@Dyp_interact.fbx using Guid(004d6aa01288493468b1605a0c3c5926) Importer(815301076,1909f56bfc062723c751e8b465ee728b)  -> (artifact id: '292570ab26906a4b5dae75c854800a34') in 0.011415 seconds 
========================================================================
Received Import Request.
  Time since last request: 0.000018 seconds.
  path: Assets/Dypsloom/DypThePenguin/Demo/Characters/Animations/@Dyp_walk.fbx
  artifactKey: Guid(681a778abf9c78144b62cd3035675fcd) Importer(815301076,1909f56bfc062723c751e8b465ee728b)
Start importing Assets/Dypsloom/DypThePenguin/Demo/Characters/Animations/@Dyp_walk.fbx using Guid(681a778abf9c78144b62cd3035675fcd) Importer(815301076,1909f56bfc062723c751e8b465ee728b)  -> (artifact id: 'b7da3614d782b6470ddaa355a5d8ef60') in 0.010675 seconds 
========================================================================
Received Import Request.
  Time since last request: 0.000017 seconds.
  path: Assets/Dypsloom/DypThePenguin/Demo/Characters/Animations/@Dyp_throw.fbx
  artifactKey: Guid(e1e25952309d91749b691b80bbc21091) Importer(815301076,1909f56bfc062723c751e8b465ee728b)
Start importing Assets/Dypsloom/DypThePenguin/Demo/Characters/Animations/@Dyp_throw.fbx using Guid(e1e25952309d91749b691b80bbc21091) Importer(815301076,1909f56bfc062723c751e8b465ee728b)  -> (artifact id: '3f3b5943bb547b50e2f5636834538a20') in 0.009457 seconds 
